Using pre-set license
Built from '2020.3/release' branch; Version is '2020.3.12f1 (b3b2c6512326) revision 11776710'; Using compiler version '192528614'; Build Type 'Release'
OS: 'Windows 10 Home; OS build 19042.1165; Version 2009; 64bit' Language: 'zh' Physical Memory: 8066 MB
BatchMode: 1, IsHumanControllingUs: 0, StartBugReporterOnCrash: 0, Is64bit: 1, IsPro: 0

 COMMAND LINE ARGUMENTS:
C:\Program Files\Unity2020HC\Editor\Unity.exe
-adb2
-batchMode
-noUpm
-name
AssetImportWorker0
-projectPath
C:/Users/user/Desktop/HC/Unity/Unity_HC_TC_210626_2DGameTopic/2DGameTopic
-logFile
Logs/AssetImportWorker0.log
-srvPort
60098
Successfully changed project path to: C:/Users/user/Desktop/HC/Unity/Unity_HC_TC_210626_2DGameTopic/2DGameTopic
C:/Users/user/Desktop/HC/Unity/Unity_HC_TC_210626_2DGameTopic/2DGameTopic
Using Asset Import Pipeline V2.
Refreshing native plugins compatible for Editor in 591.69 ms, found 3 plugins.
Preloading 0 native plugins for Editor in 0.00 ms.
Initialize engine version: 2020.3.12f1 (b3b2c6512326)
[Subsystems] Discovering subsystems at path C:/Program Files/Unity2020HC/Editor/Data/Resources/UnitySubsystems
[Subsystems] Discovering subsystems at path C:/Users/user/Desktop/HC/Unity/Unity_HC_TC_210626_2DGameTopic/2DGameTopic/Assets
GfxDevice: creating device client; threaded=0
Direct3D:
    Version:  Direct3D 11.0 [level 11.1]
    Renderer: NVIDIA GeForce MX150 (ID=0x1d10)
    Vendor:   
    VRAM:     1983 MB
    Driver:   27.21.14.6663
Initialize mono
Mono path[0] = 'C:/Program Files/Unity2020HC/Editor/Data/Managed'
Mono path[1] = 'C:/Program Files/Unity2020HC/Editor/Data/MonoBleedingEdge/lib/mono/unityjit'
Mono config path = 'C:/Program Files/Unity2020HC/Editor/Data/MonoBleedingEdge/etc'
Using monoOptions --debugger-agent=transport=dt_socket,embedding=1,server=y,suspend=n,address=127.0.0.1:56484
Begin MonoManager ReloadAssembly
Registering precompiled unity dll's ...
Register platform support module: C:/Program Files/Unity2020HC/Editor/Data/PlaybackEngines/WindowsStandaloneSupport/UnityEditor.WindowsStandalone.Extensions.dll
Registered in 0.010842 seconds.
Native extension for WindowsStandalone target not found
Refreshing native plugins compatible for Editor in 379.75 ms, found 3 plugins.
Preloading 0 native plugins for Editor in 0.00 ms.
Mono: successfully reloaded assembly
- Completed reload, in  4.240 seconds
Platform modules already initialized, skipping
Registering precompiled user dll's ...
Registered in 0.053360 seconds.
Begin MonoManager ReloadAssembly
Native extension for WindowsStandalone target not found
Refreshing native plugins compatible for Editor in 169.29 ms, found 3 plugins.
Preloading 0 native plugins for Editor in 0.00 ms.
Mono: successfully reloaded assembly
- Completed reload, in  5.864 seconds
Platform modules already initialized, skipping
========================================================================
Worker process is ready to serve import requests
Launched and connected shader compiler UnityShaderCompiler.exe after 0.22 seconds
Refreshing native plugins compatible for Editor in 1.16 ms, found 3 plugins.
Preloading 0 native plugins for Editor in 0.00 ms.
Unloading 2080 Unused Serialized files (Serialized files now loaded: 0)
System memory in use before: 92.8 MB.
System memory in use after: 92.7 MB.

Unloading 33 unused Assets to reduce memory usage. Loaded Objects now: 2513.
Total: 9.925100 ms (FindLiveObjects: 0.411400 ms CreateObjectMapping: 0.236100 ms MarkObjects: 7.935500 ms  DeleteObjects: 1.338700 ms)

AssetImportParameters requested are different than current active one (requested -> active):
  custom:framework-win-MediaFoundation: 216162199b28c13a410421893ffa2e32 -> 
  custom:video-decoder-ogg-theora: a1e56fd34408186e4bbccfd4996cb3dc -> 
  custom:container-muxer-webm: aa71ff27fc2769a1b78a27578f13a17b -> 
  custom:container-demuxer-webm: 4f35f7cbe854078d1ac9338744f61a02 -> 
  custom:container-demuxer-ogg: 62fdf1f143b41e24485cea50d1cbac27 -> 
  custom:video-encoder-webm-vp8: eb34c28f22e8b96e1ab97ce403110664 -> 
  custom:video-codec-MediaFoundation-h265: 746d11721c4dcdbdad8f713fa42b33f4 -> 
  custom:video-decoder-webm-vp8: 9c59270c3fd7afecdb556c50c9e8de78 -> 
  custom:audio-decoder-ogg-vorbis: bf7c407c2cedff20999df2af8eb42d56 -> 
  custom:audio-encoder-webm-vorbis: bf7c407c2cedff20999df2af8eb42d56 -> 
========================================================================
Received Import Request.
  path: Assets/Scenes
  artifactKey: Guid(6c334dd643805ba4bb09fd4b42cc6481) Importer(815301076,1909f56bfc062723c751e8b465ee728b)
Start importing Assets/Scenes using Guid(6c334dd643805ba4bb09fd4b42cc6481) Importer(815301076,1909f56bfc062723c751e8b465ee728b)  -> (artifact id: 'f755cfeb0d0b8156b931ec2bf8ccfc55') in 0.037565 seconds 
  Import took 0.050494 seconds .

========================================================================
Received Import Request.
  Time since last request: 69.098172 seconds.
  path: Assets/Scenes/SampleScene.unity
  artifactKey: Guid(2cda990e2423bbf4892e6590ba056729) Importer(815301076,1909f56bfc062723c751e8b465ee728b)
Start importing Assets/Scenes/SampleScene.unity using Guid(2cda990e2423bbf4892e6590ba056729) Importer(815301076,1909f56bfc062723c751e8b465ee728b)  -> (artifact id: 'da3020b04e086eb15673685fecdb25b2') in 0.026066 seconds 
  Import took 0.032113 seconds .

========================================================================
Received Import Request.
  Time since last request: 3.817152 seconds.
  path: Assets/Fonts/AngerStyles.ttf
  artifactKey: Guid(60f285fb041fca641bc9623e5c95a7da) Importer(815301076,1909f56bfc062723c751e8b465ee728b)
Start importing Assets/Fonts/AngerStyles.ttf using Guid(60f285fb041fca641bc9623e5c95a7da) Importer(815301076,1909f56bfc062723c751e8b465ee728b)  -> (artifact id: 'a31549419251ce24b65ed121f9bbc582') in 0.262243 seconds 
  Import took 0.267348 seconds .

========================================================================
Received Import Request.
  Time since last request: 0.292574 seconds.
  path: Assets/Images/alice_to_alice.png
  artifactKey: Guid(6c3b9027f5e09e84499192d8d5a83c76) Importer(815301076,1909f56bfc062723c751e8b465ee728b)
Start importing Assets/Images/alice_to_alice.png using Guid(6c3b9027f5e09e84499192d8d5a83c76) Importer(815301076,1909f56bfc062723c751e8b465ee728b)  -> (artifact id: '13a872e8220dc308612a7d8a3f5c9454') in 0.048465 seconds 
  Import took 0.053995 seconds .

========================================================================
Received Import Request.
  Time since last request: 547.425935 seconds.
  path: Assets/Scenes/選單.unity
  artifactKey: Guid(9894ed2cfea818b48b16472a6642c59e) Importer(815301076,1909f56bfc062723c751e8b465ee728b)
Start importing Assets/Scenes/選單.unity using Guid(9894ed2cfea818b48b16472a6642c59e) Importer(815301076,1909f56bfc062723c751e8b465ee728b)  -> (artifact id: '1fc9bf3cc5f704bbce5170aa74c2e0bc') in 0.008720 seconds 
  Import took 0.015285 seconds .

========================================================================
Received Import Request.
  Time since last request: 220.858915 seconds.
  path: Assets/Fonts/jf-openhuninn-1.1.ttf
  artifactKey: Guid(b8c2442df4c57e6408b5235ad1924efc) Importer(815301076,1909f56bfc062723c751e8b465ee728b)
Start importing Assets/Fonts/jf-openhuninn-1.1.ttf using Guid(b8c2442df4c57e6408b5235ad1924efc) Importer(815301076,1909f56bfc062723c751e8b465ee728b)  -> (artifact id: '6a7074d52d16a01c3b926bb846b27ab4') in 0.068761 seconds 
  Import took 0.074211 seconds .

========================================================================
Received Import Request.
  Time since last request: 442.986038 seconds.
  path: Assets/Scenes/SampleScene.unity
  artifactKey: Guid(2cda990e2423bbf4892e6590ba056729) Importer(815301076,1909f56bfc062723c751e8b465ee728b)
Start importing Assets/Scenes/SampleScene.unity using Guid(2cda990e2423bbf4892e6590ba056729) Importer(815301076,1909f56bfc062723c751e8b465ee728b)  -> (artifact id: '7123ced2424da1da2b5889018bf871dc') in 0.009569 seconds 
  Import took 0.016226 seconds .

========================================================================
Received Import Request.
  Time since last request: 156.932659 seconds.
  path: Assets/New Folder
  artifactKey: Guid(7adf80346bb4ce7488cfde41a8fa63d4) Importer(815301076,1909f56bfc062723c751e8b465ee728b)
Start importing Assets/New Folder using Guid(7adf80346bb4ce7488cfde41a8fa63d4) Importer(815301076,1909f56bfc062723c751e8b465ee728b)  -> (artifact id: 'a141b4bee7a1538c3403e9950218260d') in 0.017074 seconds 
  Import took 0.025063 seconds .

========================================================================
Received Import Request.
  Time since last request: 3.388577 seconds.
  path: Assets/Scripts
  artifactKey: Guid(7adf80346bb4ce7488cfde41a8fa63d4) Importer(815301076,1909f56bfc062723c751e8b465ee728b)
Start importing Assets/Scripts using Guid(7adf80346bb4ce7488cfde41a8fa63d4) Importer(815301076,1909f56bfc062723c751e8b465ee728b)  -> (artifact id: 'd691150098613e28528ee82ee8a0eaf4') in 0.011365 seconds 
  Import took 0.018410 seconds .

========================================================================
Received Prepare
Registering precompiled user dll's ...
Registered in 0.023713 seconds.
Begin MonoManager ReloadAssembly
Native extension for WindowsStandalone target not found
Refreshing native plugins compatible for Editor in 0.80 ms, found 3 plugins.
Preloading 0 native plugins for Editor in 0.00 ms.
Mono: successfully reloaded assembly
- Completed reload, in  1.954 seconds
Platform modules already initialized, skipping
Refreshing native plugins compatible for Editor in 0.79 ms, found 3 plugins.
Preloading 0 native plugins for Editor in 0.00 ms.
Unloading 2076 Unused Serialized files (Serialized files now loaded: 0)
System memory in use before: 96.1 MB.
System memory in use after: 96.0 MB.

Unloading 21 unused Assets to reduce memory usage. Loaded Objects now: 2565.
Total: 8.590400 ms (FindLiveObjects: 0.528300 ms CreateObjectMapping: 0.619600 ms MarkObjects: 7.146500 ms  DeleteObjects: 0.292000 ms)

AssetImportParameters requested are different than current active one (requested -> active):
  custom:framework-win-MediaFoundation: 216162199b28c13a410421893ffa2e32 -> 
  custom:video-decoder-ogg-theora: a1e56fd34408186e4bbccfd4996cb3dc -> 
  custom:container-muxer-webm: aa71ff27fc2769a1b78a27578f13a17b -> 
  custom:container-demuxer-webm: 4f35f7cbe854078d1ac9338744f61a02 -> 
  custom:container-demuxer-ogg: 62fdf1f143b41e24485cea50d1cbac27 -> 
  custom:video-encoder-webm-vp8: eb34c28f22e8b96e1ab97ce403110664 -> 
  custom:video-codec-MediaFoundation-h265: 746d11721c4dcdbdad8f713fa42b33f4 -> 
  custom:video-decoder-webm-vp8: 9c59270c3fd7afecdb556c50c9e8de78 -> 
  custom:audio-decoder-ogg-vorbis: bf7c407c2cedff20999df2af8eb42d56 -> 
  custom:audio-encoder-webm-vorbis: bf7c407c2cedff20999df2af8eb42d56 -> 
========================================================================
Received Import Request.
  Time since last request: 883.984491 seconds.
  path: Assets/Scenes/選單.unity
  artifactKey: Guid(9894ed2cfea818b48b16472a6642c59e) Importer(815301076,1909f56bfc062723c751e8b465ee728b)
Start importing Assets/Scenes/選單.unity using Guid(9894ed2cfea818b48b16472a6642c59e) Importer(815301076,1909f56bfc062723c751e8b465ee728b)  -> (artifact id: '31e9684a951355f6f0ea26100bb0ebc0') in 0.033954 seconds 
  Import took 0.040124 seconds .

